[0m19:24:49.061771 [debug] [MainThread]: Sending event: {'category': 'dbt', 'action': 'invocation', 'label': 'start', 'context': [<snowplow_tracker.self_describing_json.SelfDescribingJson object at 0x000001AA58AD57F0>, <snowplow_tracker.self_describing_json.SelfDescribingJson object at 0x000001AA5FB9C2F0>, <snowplow_tracker.self_describing_json.SelfDescribingJson object at 0x000001AA5FB9C0B0>]}


============================== 19:24:49.190236 | 0e0408c2-10e3-41aa-86d7-499782f7c5b4 ==============================
[0m19:24:49.190236 [info ] [MainThread]: Running with dbt=1.11.2
[0m19:24:49.191937 [debug] [MainThread]: running dbt with arguments {'version_check': 'True', 'no_print': 'None', 'static_parser': 'True', 'target_path': 'None', 'warn_error_options': 'WarnErrorOptionsV2(error=[], warn=[], silence=[])', 'printer_width': '80', 'write_json': 'True', 'empty': 'None', 'log_cache_events': 'False', 'introspect': 'True', 'cache_selected_only': 'False', 'fail_fast': 'False', 'debug': 'False', 'log_format': 'default', 'profiles_dir': 'C:\\Users\\VikashMahato\\.dbt', 'send_anonymous_usage_stats': 'True', 'quiet': 'False', 'warn_error': 'None', 'partial_parse': 'True', 'invocation_command': 'dbt init', 'use_colors': 'True', 'indirect_selection': 'eager', 'use_experimental_parser': 'False', 'log_path': 'logs'}
[0m19:54:58.706525 [debug] [MainThread]: Starter project path: C:\Users\VikashMahato\AIRBNB_DE_PROJECT\.venv\Lib\site-packages\dbt\include\starter_project
[0m19:54:58.810285 [info ] [MainThread]: 
Your new dbt project "aws_dbt_snowflake_project" was created!

For more information on how to configure the profiles.yml file,
please consult the dbt documentation here:

  https://docs.getdbt.com/docs/configure-your-profile

One more thing:

Need help? Don't hesitate to reach out to us via GitHub issues or on Slack:

  https://community.getdbt.com/

Happy modeling!

[0m19:54:58.822799 [info ] [MainThread]: Setting up your profile.
[0m19:55:37.951087 [debug] [MainThread]: Snowflake adapter: Setting snowflake.connector to ERROR (file logging only)
[0m19:55:37.978283 [debug] [MainThread]: Snowflake adapter: Setting botocore to ERROR (file logging only)
[0m19:55:37.983821 [debug] [MainThread]: Snowflake adapter: Setting boto3 to ERROR (file logging only)
[0m20:00:01.756744 [info ] [MainThread]: Profile aws_dbt_snowflake_project written to C:\Users\VikashMahato\.dbt\profiles.yml using target's profile_template.yml and your supplied values. Run 'dbt debug' to validate the connection.
[0m20:00:01.842368 [debug] [MainThread]: Command `dbt init` succeeded at 20:00:01.836853 after 2113.41 seconds
[0m20:00:01.868002 [debug] [MainThread]: Sending event: {'category': 'dbt', 'action': 'invocation', 'label': 'end', 'context': [<snowplow_tracker.self_describing_json.SelfDescribingJson object at 0x000001AA61DE2E40>, <snowplow_tracker.self_describing_json.SelfDescribingJson object at 0x000001AA61F46300>, <snowplow_tracker.self_describing_json.SelfDescribingJson object at 0x000001AA5E380B30>]}
[0m20:00:01.878342 [debug] [MainThread]: Flushing usage events
[0m20:00:04.714289 [debug] [MainThread]: An error was encountered while trying to flush usage events
[0m21:21:02.897801 [debug] [MainThread]: Sending event: {'category': 'dbt', 'action': 'invocation', 'label': 'start', 'context': [<snowplow_tracker.self_describing_json.SelfDescribingJson object at 0x000002229EC34590>, <snowplow_tracker.self_describing_json.SelfDescribingJson object at 0x000002229EC357F0>, <snowplow_tracker.self_describing_json.SelfDescribingJson object at 0x000002229F802C60>]}


============================== 21:21:02.913991 | 9586b03d-625a-4873-996a-1f19b01ee821 ==============================
[0m21:21:02.913991 [info ] [MainThread]: Running with dbt=1.11.2
[0m21:21:02.915509 [debug] [MainThread]: running dbt with arguments {'static_parser': 'True', 'no_print': 'None', 'version_check': 'True', 'warn_error_options': 'WarnErrorOptionsV2(error=[], warn=[], silence=[])', 'target_path': 'None', 'printer_width': '80', 'write_json': 'True', 'introspect': 'True', 'log_cache_events': 'False', 'empty': 'False', 'cache_selected_only': 'False', 'fail_fast': 'False', 'debug': 'False', 'log_format': 'default', 'partial_parse': 'True', 'send_anonymous_usage_stats': 'True', 'quiet': 'False', 'warn_error': 'None', 'profiles_dir': 'C:\\Users\\VikashMahato\\.dbt', 'use_colors': 'True', 'invocation_command': 'dbt run --select models/demo', 'indirect_selection': 'eager', 'use_experimental_parser': 'False', 'log_path': 'logs'}
[0m21:21:02.916536 [error] [MainThread]: Encountered an error:
Runtime Error
  No dbt_project.yml found at expected path C:\Users\VikashMahato\AIRBNB_DE_PROJECT\dbt_project.yml
  Verify that each entry within packages.yml (and their transitive dependencies) contains a file named dbt_project.yml
  
[0m21:21:02.919068 [debug] [MainThread]: Command `dbt run` failed at 21:21:02.918079 after 0.79 seconds
[0m21:21:02.920167 [debug] [MainThread]: Sending event: {'category': 'dbt', 'action': 'invocation', 'label': 'end', 'context': [<snowplow_tracker.self_describing_json.SelfDescribingJson object at 0x000002229F201070>, <snowplow_tracker.self_describing_json.SelfDescribingJson object at 0x000002229FB71430>, <snowplow_tracker.self_describing_json.SelfDescribingJson object at 0x000002229EC357F0>]}
[0m21:21:02.920167 [debug] [MainThread]: Flushing usage events
[0m21:21:05.265630 [debug] [MainThread]: An error was encountered while trying to flush usage events
